<?xml version="1.0" encoding="UTF-8"?>
<!-- Generated by org.testng.reporters.JUnitReportReporter -->
<testsuite hostname="CE27826" failures="0" tests="2" name="qaclickacademy.SeleniumTest" time="0.006" errors="0" timestamp="2020-01-28T16:36:22 MEZ" skipped="0">
  <testcase classname="qaclickacademy.SeleniumTest" name="BrowserAutomation" time="0.006"/>
  <system-out/>
  <testcase classname="qaclickacademy.SeleniumTest" name="elementsUI" time="0.000"/>
  <system-out/>
</testsuite> <!-- qaclickacademy.SeleniumTest -->
