<?xml version="1.0" encoding="UTF-8"?>
<!-- Generated by org.testng.reporters.JUnitReportReporter -->
<testsuite hostname="CE27826" failures="0" tests="2" name="qaclickacademy.AppiumTest" time="0.006" errors="0" timestamp="2020-01-28T16:34:55 MEZ" skipped="0">
  <testcase classname="qaclickacademy.AppiumTest" name="NativeApAndroid" time="0.001"/>
  <system-out/>
  <testcase classname="qaclickacademy.AppiumTest" name="IOSApps" time="0.005"/>
  <system-out/>
</testsuite> <!-- qaclickacademy.AppiumTest -->
